-------------------------------------------------------------------------------
Test set: fr.sg.kata.AccountManagementApplicationTests
-------------------------------------------------------------------------------
Tests run: 1, Failures: 0, Errors: 1, Skipped: 0, Time elapsed: 6.959 s <<< FAILURE! - in fr.sg.kata.AccountManagementApplicationTests
contextLoads(fr.sg.kata.AccountManagementApplicationTests)  Time elapsed: 0.001 s  <<< ERROR!
java.lang.IllegalStateException: Failed to load ApplicationContext
Caused by: org.springframework.beans.factory.UnsatisfiedDependencyException: Error creating bean with name 'repositoryController' defined in URL [jar:file:/C:/Users/r.moussaoui/.m2/repository/org/springframework/data/spring-data-rest-webmvc/3.1.2.RELEASE/spring-data-rest-webmvc-3.1.2.RELEASE.jar!/org/springframework/data/rest/webmvc/RepositoryController.class]: Unsatisfied dependency expressed through constructor parameter 0; nested exception is org.springframework.beans.factory.UnsatisfiedDependencyException: Error creating bean with name 'org.springframework.data.rest.webmvc.config.RepositoryRestMvcConfiguration': Unsatisfied dependency expressed through field 'configurers'; nested exception is org.springframework.beans.factory.UnsatisfiedDependencyException: Error creating bean with name 'springBootRepositoryRestConfigurer': Unsatisfied dependency expressed through field 'objectMapperBuilder'; nested exception is org.springframework.beans.factory.BeanCreationException: Error creating bean with name 'jacksonObjectMapperBuilder' defined in class path resource [org/springframework/boot/autoconfigure/jackson/JacksonAutoConfiguration$JacksonObjectMapperBuilderConfiguration.class]: Bean instantiation via factory method failed; nested exception is org.springframework.beans.BeanInstantiationException: Failed to instantiate [org.springframework.http.converter.json.Jackson2ObjectMapperBuilder]: Factory method 'jacksonObjectMapperBuilder' threw exception; nested exception is org.springframework.beans.factory.BeanCreationException: Error creating bean with name 'parameterNamesModule' defined in class path resource [org/springframework/boot/autoconfigure/jackson/JacksonAutoConfiguration$ParameterNamesModuleConfiguration.class]: Bean instantiation via factory method failed; nested exception is org.springframework.beans.BeanInstantiationException: Failed to instantiate [com.fasterxml.jackson.module.paramnames.ParameterNamesModule]: Factory method 'parameterNamesModule' threw exception; nested exception is java.lang.NoClassDefFoundError: com/fasterxml/jackson/annotation/JsonCreator$Mode
Caused by: org.springframework.beans.factory.UnsatisfiedDependencyException: Error creating bean with name 'org.springframework.data.rest.webmvc.config.RepositoryRestMvcConfiguration': Unsatisfied dependency expressed through field 'configurers'; nested exception is org.springframework.beans.factory.UnsatisfiedDependencyException: Error creating bean with name 'springBootRepositoryRestConfigurer': Unsatisfied dependency expressed through field 'objectMapperBuilder'; nested exception is org.springframework.beans.factory.BeanCreationException: Error creating bean with name 'jacksonObjectMapperBuilder' defined in class path resource [org/springframework/boot/autoconfigure/jackson/JacksonAutoConfiguration$JacksonObjectMapperBuilderConfiguration.class]: Bean instantiation via factory method failed; nested exception is org.springframework.beans.BeanInstantiationException: Failed to instantiate [org.springframework.http.converter.json.Jackson2ObjectMapperBuilder]: Factory method 'jacksonObjectMapperBuilder' threw exception; nested exception is org.springframework.beans.factory.BeanCreationException: Error creating bean with name 'parameterNamesModule' defined in class path resource [org/springframework/boot/autoconfigure/jackson/JacksonAutoConfiguration$ParameterNamesModuleConfiguration.class]: Bean instantiation via factory method failed; nested exception is org.springframework.beans.BeanInstantiationException: Failed to instantiate [com.fasterxml.jackson.module.paramnames.ParameterNamesModule]: Factory method 'parameterNamesModule' threw exception; nested exception is java.lang.NoClassDefFoundError: com/fasterxml/jackson/annotation/JsonCreator$Mode
Caused by: org.springframework.beans.factory.UnsatisfiedDependencyException: Error creating bean with name 'springBootRepositoryRestConfigurer': Unsatisfied dependency expressed through field 'objectMapperBuilder'; nested exception is org.springframework.beans.factory.BeanCreationException: Error creating bean with name 'jacksonObjectMapperBuilder' defined in class path resource [org/springframework/boot/autoconfigure/jackson/JacksonAutoConfiguration$JacksonObjectMapperBuilderConfiguration.class]: Bean instantiation via factory method failed; nested exception is org.springframework.beans.BeanInstantiationException: Failed to instantiate [org.springframework.http.converter.json.Jackson2ObjectMapperBuilder]: Factory method 'jacksonObjectMapperBuilder' threw exception; nested exception is org.springframework.beans.factory.BeanCreationException: Error creating bean with name 'parameterNamesModule' defined in class path resource [org/springframework/boot/autoconfigure/jackson/JacksonAutoConfiguration$ParameterNamesModuleConfiguration.class]: Bean instantiation via factory method failed; nested exception is org.springframework.beans.BeanInstantiationException: Failed to instantiate [com.fasterxml.jackson.module.paramnames.ParameterNamesModule]: Factory method 'parameterNamesModule' threw exception; nested exception is java.lang.NoClassDefFoundError: com/fasterxml/jackson/annotation/JsonCreator$Mode
Caused by: org.springframework.beans.factory.BeanCreationException: Error creating bean with name 'jacksonObjectMapperBuilder' defined in class path resource [org/springframework/boot/autoconfigure/jackson/JacksonAutoConfiguration$JacksonObjectMapperBuilderConfiguration.class]: Bean instantiation via factory method failed; nested exception is org.springframework.beans.BeanInstantiationException: Failed to instantiate [org.springframework.http.converter.json.Jackson2ObjectMapperBuilder]: Factory method 'jacksonObjectMapperBuilder' threw exception; nested exception is org.springframework.beans.factory.BeanCreationException: Error creating bean with name 'parameterNamesModule' defined in class path resource [org/springframework/boot/autoconfigure/jackson/JacksonAutoConfiguration$ParameterNamesModuleConfiguration.class]: Bean instantiation via factory method failed; nested exception is org.springframework.beans.BeanInstantiationException: Failed to instantiate [com.fasterxml.jackson.module.paramnames.ParameterNamesModule]: Factory method 'parameterNamesModule' threw exception; nested exception is java.lang.NoClassDefFoundError: com/fasterxml/jackson/annotation/JsonCreator$Mode
Caused by: org.springframework.beans.BeanInstantiationException: Failed to instantiate [org.springframework.http.converter.json.Jackson2ObjectMapperBuilder]: Factory method 'jacksonObjectMapperBuilder' threw exception; nested exception is org.springframework.beans.factory.BeanCreationException: Error creating bean with name 'parameterNamesModule' defined in class path resource [org/springframework/boot/autoconfigure/jackson/JacksonAutoConfiguration$ParameterNamesModuleConfiguration.class]: Bean instantiation via factory method failed; nested exception is org.springframework.beans.BeanInstantiationException: Failed to instantiate [com.fasterxml.jackson.module.paramnames.ParameterNamesModule]: Factory method 'parameterNamesModule' threw exception; nested exception is java.lang.NoClassDefFoundError: com/fasterxml/jackson/annotation/JsonCreator$Mode
Caused by: org.springframework.beans.factory.BeanCreationException: Error creating bean with name 'parameterNamesModule' defined in class path resource [org/springframework/boot/autoconfigure/jackson/JacksonAutoConfiguration$ParameterNamesModuleConfiguration.class]: Bean instantiation via factory method failed; nested exception is org.springframework.beans.BeanInstantiationException: Failed to instantiate [com.fasterxml.jackson.module.paramnames.ParameterNamesModule]: Factory method 'parameterNamesModule' threw exception; nested exception is java.lang.NoClassDefFoundError: com/fasterxml/jackson/annotation/JsonCreator$Mode
Caused by: org.springframework.beans.BeanInstantiationException: Failed to instantiate [com.fasterxml.jackson.module.paramnames.ParameterNamesModule]: Factory method 'parameterNamesModule' threw exception; nested exception is java.lang.NoClassDefFoundError: com/fasterxml/jackson/annotation/JsonCreator$Mode
Caused by: java.lang.NoClassDefFoundError: com/fasterxml/jackson/annotation/JsonCreator$Mode
Caused by: java.lang.ClassNotFoundException: com.fasterxml.jackson.annotation.JsonCreator$Mode

